<?xml version="1.0" encoding="UTF-8"?>
<!-- Generated by org.testng.reporters.JUnitXMLReporter -->
<testsuite hostname="DESKTOP-UBCBUDM" name="testgn_3" tests="4" failures="0" timestamp="21 Aug 2018 11:11:48 GMT" time="0.0" errors="0">
  <testcase name="restartTomcatService" time="0.0" classname="dependsOnMethods.TestDependenceDemo3"/>
  <testcase name="tomcatServiceIsDown" time="0.0" classname="dependsOnMethods.TestDependenceDemo3"/>
  <testcase name="shutDownApp" time="0.0" classname="dependsOnMethods.TestDependenceDemo3"/>
  <testcase name="startAppServer" time="0.0" classname="dependsOnMethods.TestDependenceDemo3"/>
</testsuite> <!-- testgn_3 -->
