<?xml version="1.0" encoding="UTF-8"?>
<!-- Generated by org.testng.reporters.JUnitXMLReporter -->
<testsuite hostname="DESKTOP-UBCBUDM" name="Java_Learn" tests="12" failures="0" timestamp="21 Aug 2018 10:54:19 GMT" time="8.047" errors="0">
  <testcase name="loginTest" time="3.006" classname="测试一.TestHelloWorld"/>
  <testcase name="testSoftAssert" time="0.005" classname="测试一.TestHelloWorld"/>
  <testcase name="AssertTest1" time="0.0" classname="测试一.TestHelloWorld"/>
  <testcase name="AssertTest2" time="0.001" classname="测试一.TestHelloWorld"/>
  <testcase name="test" time="0.001" classname="测试一.TestHelloWorld"/>
  <testcase name="test1" time="0.0" classname="测试一.TestHelloWorld"/>
  <testcase name="test1" time="0.0" classname="测试一.TestHelloWorld"/>
  <testcase name="test6" time="5.002" classname="测试一.TestHelloWorld"/>
  <testcase name="test5" time="0.0" classname="测试一.TestHelloWorld"/>
  <testcase name="test3" time="0.0" classname="测试一.TestHelloWorld"/>
  <testcase name="test4" time="0.001" classname="测试一.TestHelloWorld"/>
  <testcase name="test7" time="0.0" classname="测试一.TestHelloWorld"/>
</testsuite> <!-- Java_Learn -->
